<?xml version="1.0" encoding="UTF-8"?>
<!-- Generated by org.testng.reporters.JUnitReportReporter -->
<testsuite hostname="WS-027-61" failures="0" tests="1" name="test.java.NewTest" time="6.622" errors="0" timestamp="28 May 2018 08:24:48 GMT" skipped="0">
  <testcase classname="test.java.NewTest" name="TestUserCanGetExpectedResultOfSearch" time="6.622"/>
</testsuite> <!-- test.java.NewTest -->
